2022/06/25 14:02:35 main.go:17: test
2022/06/25 14:03:37 main.go:17: test
2022/06/25 14:11:34 base.go:21: sql: unknown driver "sqlite3" (forgotten import?)
2022/06/25 15:26:20 server.go:3160: http: panic serving [::1]:62906: runtime error: invalid memory address or nil pointer dereference
goroutine 5 [running]:
net/http.(*conn).serve.func1()
	/usr/local/Cellar/go/1.17.6/libexec/src/net/http/server.go:1802 +0xb9
panic({0x4448dc0, 0x47381a0})
	/usr/local/Cellar/go/1.17.6/libexec/src/runtime/panic.go:1047 +0x266
text/template.errRecover(0xc000109968)
	/usr/local/Cellar/go/1.17.6/libexec/src/text/template/exec.go:163 +0x15b
panic({0x4448dc0, 0x47381a0})
	/usr/local/Cellar/go/1.17.6/libexec/src/runtime/panic.go:1038 +0x215
text/template.(*Template).execute(0x0, {0x45047a0, 0xc00009a0e0}, {0x0, 0x0})
	/usr/local/Cellar/go/1.17.6/libexec/src/text/template/exec.go:214 +0x239
text/template.(*Template).Execute(...)
	/usr/local/Cellar/go/1.17.6/libexec/src/text/template/exec.go:200
TodoApp/app/controllers.top({0x450af38, 0xc00009a0e0}, 0x0)
	/Users/zuck3rx/Desktop/ntt-tec-2022/TodoApp/app/controllers/route_main.go:10 +0x87
net/http.HandlerFunc.ServeHTTP(0x0, {0x450af38, 0xc00009a0e0}, 0x0)
	/usr/local/Cellar/go/1.17.6/libexec/src/net/http/server.go:2047 +0x2f
net/http.(*ServeMux).ServeHTTP(0x0, {0x450af38, 0xc00009a0e0}, 0xc000148100)
	/usr/local/Cellar/go/1.17.6/libexec/src/net/http/server.go:2425 +0x149
net/http.serverHandler.ServeHTTP({0xc0000753b0}, {0x450af38, 0xc00009a0e0}, 0xc000148100)
	/usr/local/Cellar/go/1.17.6/libexec/src/net/http/server.go:2879 +0x43b
net/http.(*conn).serve(0xc000100e60, {0x450c760, 0xc0000752c0})
	/usr/local/Cellar/go/1.17.6/libexec/src/net/http/server.go:1930 +0xb08
created by net/http.(*Server).Serve
	/usr/local/Cellar/go/1.17.6/libexec/src/net/http/server.go:3034 +0x4e8
2022/06/25 15:26:23 server.go:3160: http: panic serving [::1]:62907: runtime error: invalid memory address or nil pointer dereference
goroutine 34 [running]:
net/http.(*conn).serve.func1()
	/usr/local/Cellar/go/1.17.6/libexec/src/net/http/server.go:1802 +0xb9
panic({0x4448dc0, 0x47381a0})
	/usr/local/Cellar/go/1.17.6/libexec/src/runtime/panic.go:1047 +0x266
text/template.errRecover(0xc00004c968)
	/usr/local/Cellar/go/1.17.6/libexec/src/text/template/exec.go:163 +0x15b
panic({0x4448dc0, 0x47381a0})
	/usr/local/Cellar/go/1.17.6/libexec/src/runtime/panic.go:1038 +0x215
text/template.(*Template).execute(0x0, {0x45047a0, 0xc00009a1c0}, {0x0, 0x0})
	/usr/local/Cellar/go/1.17.6/libexec/src/text/template/exec.go:214 +0x239
text/template.(*Template).Execute(...)
	/usr/local/Cellar/go/1.17.6/libexec/src/text/template/exec.go:200
TodoApp/app/controllers.top({0x450af38, 0xc00009a1c0}, 0x0)
	/Users/zuck3rx/Desktop/ntt-tec-2022/TodoApp/app/controllers/route_main.go:10 +0x87
net/http.HandlerFunc.ServeHTTP(0x0, {0x450af38, 0xc00009a1c0}, 0x0)
	/usr/local/Cellar/go/1.17.6/libexec/src/net/http/server.go:2047 +0x2f
net/http.(*ServeMux).ServeHTTP(0x0, {0x450af38, 0xc00009a1c0}, 0xc0001a2100)
	/usr/local/Cellar/go/1.17.6/libexec/src/net/http/server.go:2425 +0x149
net/http.serverHandler.ServeHTTP({0xc000188180}, {0x450af38, 0xc00009a1c0}, 0xc0001a2100)
	/usr/local/Cellar/go/1.17.6/libexec/src/net/http/server.go:2879 +0x43b
net/http.(*conn).serve(0xc00018c000, {0x450c760, 0xc0000752c0})
	/usr/local/Cellar/go/1.17.6/libexec/src/net/http/server.go:1930 +0xb08
created by net/http.(*Server).Serve
	/usr/local/Cellar/go/1.17.6/libexec/src/net/http/server.go:3034 +0x4e8
2022/06/25 15:26:23 server.go:3160: http: panic serving [::1]:62908: runtime error: invalid memory address or nil pointer dereference
goroutine 35 [running]:
net/http.(*conn).serve.func1()
	/usr/local/Cellar/go/1.17.6/libexec/src/net/http/server.go:1802 +0xb9
panic({0x4448dc0, 0x47381a0})
	/usr/local/Cellar/go/1.17.6/libexec/src/runtime/panic.go:1047 +0x266
text/template.errRecover(0xc00004b968)
	/usr/local/Cellar/go/1.17.6/libexec/src/text/template/exec.go:163 +0x15b
panic({0x4448dc0, 0x47381a0})
	/usr/local/Cellar/go/1.17.6/libexec/src/runtime/panic.go:1038 +0x215
text/template.(*Template).execute(0x0, {0x45047a0, 0xc0001500e0}, {0x0, 0x0})
	/usr/local/Cellar/go/1.17.6/libexec/src/text/template/exec.go:214 +0x239
text/template.(*Template).Execute(...)
	/usr/local/Cellar/go/1.17.6/libexec/src/text/template/exec.go:200
TodoApp/app/controllers.top({0x450af38, 0xc0001500e0}, 0x0)
	/Users/zuck3rx/Desktop/ntt-tec-2022/TodoApp/app/controllers/route_main.go:10 +0x87
net/http.HandlerFunc.ServeHTTP(0x0, {0x450af38, 0xc0001500e0}, 0x0)
	/usr/local/Cellar/go/1.17.6/libexec/src/net/http/server.go:2047 +0x2f
net/http.(*ServeMux).ServeHTTP(0x0, {0x450af38, 0xc0001500e0}, 0xc0001a2000)
	/usr/local/Cellar/go/1.17.6/libexec/src/net/http/server.go:2425 +0x149
net/http.serverHandler.ServeHTTP({0xc0001880f0}, {0x450af38, 0xc0001500e0}, 0xc0001a2000)
	/usr/local/Cellar/go/1.17.6/libexec/src/net/http/server.go:2879 +0x43b
net/http.(*conn).serve(0xc00018c0a0, {0x450c760, 0xc0000752c0})
	/usr/local/Cellar/go/1.17.6/libexec/src/net/http/server.go:1930 +0xb08
created by net/http.(*Server).Serve
	/usr/local/Cellar/go/1.17.6/libexec/src/net/http/server.go:3034 +0x4e8
2022/06/25 15:26:23 server.go:3160: http: panic serving [::1]:62909: runtime error: invalid memory address or nil pointer dereference
goroutine 36 [running]:
net/http.(*conn).serve.func1()
	/usr/local/Cellar/go/1.17.6/libexec/src/net/http/server.go:1802 +0xb9
panic({0x4448dc0, 0x47381a0})
	/usr/local/Cellar/go/1.17.6/libexec/src/runtime/panic.go:1047 +0x266
text/template.errRecover(0xc00004d968)
	/usr/local/Cellar/go/1.17.6/libexec/src/text/template/exec.go:163 +0x15b
panic({0x4448dc0, 0x47381a0})
	/usr/local/Cellar/go/1.17.6/libexec/src/runtime/panic.go:1038 +0x215
text/template.(*Template).execute(0x0, {0x45047a0, 0xc0001501c0}, {0x0, 0x0})
	/usr/local/Cellar/go/1.17.6/libexec/src/text/template/exec.go:214 +0x239
text/template.(*Template).Execute(...)
	/usr/local/Cellar/go/1.17.6/libexec/src/text/template/exec.go:200
TodoApp/app/controllers.top({0x450af38, 0xc0001501c0}, 0x0)
	/Users/zuck3rx/Desktop/ntt-tec-2022/TodoApp/app/controllers/route_main.go:10 +0x87
net/http.HandlerFunc.ServeHTTP(0x0, {0x450af38, 0xc0001501c0}, 0x0)
	/usr/local/Cellar/go/1.17.6/libexec/src/net/http/server.go:2047 +0x2f
net/http.(*ServeMux).ServeHTTP(0x0, {0x450af38, 0xc0001501c0}, 0xc0001a2200)
	/usr/local/Cellar/go/1.17.6/libexec/src/net/http/server.go:2425 +0x149
net/http.serverHandler.ServeHTTP({0xc000188270}, {0x450af38, 0xc0001501c0}, 0xc0001a2200)
	/usr/local/Cellar/go/1.17.6/libexec/src/net/http/server.go:2879 +0x43b
net/http.(*conn).serve(0xc00018c140, {0x450c760, 0xc0000752c0})
	/usr/local/Cellar/go/1.17.6/libexec/src/net/http/server.go:1930 +0xb08
created by net/http.(*Server).Serve
	/usr/local/Cellar/go/1.17.6/libexec/src/net/http/server.go:3034 +0x4e8
2022/06/25 15:26:28 server.go:3160: http: panic serving [::1]:62910: runtime error: invalid memory address or nil pointer dereference
goroutine 8 [running]:
net/http.(*conn).serve.func1()
	/usr/local/Cellar/go/1.17.6/libexec/src/net/http/server.go:1802 +0xb9
panic({0x4448dc0, 0x47381a0})
	/usr/local/Cellar/go/1.17.6/libexec/src/runtime/panic.go:1047 +0x266
text/template.errRecover(0xc00004b968)
	/usr/local/Cellar/go/1.17.6/libexec/src/text/template/exec.go:163 +0x15b
panic({0x4448dc0, 0x47381a0})
	/usr/local/Cellar/go/1.17.6/libexec/src/runtime/panic.go:1038 +0x215
text/template.(*Template).execute(0x0, {0x45047a0, 0xc0001bc000}, {0x0, 0x0})
	/usr/local/Cellar/go/1.17.6/libexec/src/text/template/exec.go:214 +0x239
text/template.(*Template).Execute(...)
	/usr/local/Cellar/go/1.17.6/libexec/src/text/template/exec.go:200
TodoApp/app/controllers.top({0x450af38, 0xc0001bc000}, 0x0)
	/Users/zuck3rx/Desktop/ntt-tec-2022/TodoApp/app/controllers/route_main.go:10 +0x87
net/http.HandlerFunc.ServeHTTP(0x0, {0x450af38, 0xc0001bc000}, 0x0)
	/usr/local/Cellar/go/1.17.6/libexec/src/net/http/server.go:2047 +0x2f
net/http.(*ServeMux).ServeHTTP(0x0, {0x450af38, 0xc0001bc000}, 0xc000148300)
	/usr/local/Cellar/go/1.17.6/libexec/src/net/http/server.go:2425 +0x149
net/http.serverHandler.ServeHTTP({0xc0000757a0}, {0x450af38, 0xc0001bc000}, 0xc000148300)
	/usr/local/Cellar/go/1.17.6/libexec/src/net/http/server.go:2879 +0x43b
net/http.(*conn).serve(0xc000100f00, {0x450c760, 0xc0000752c0})
	/usr/local/Cellar/go/1.17.6/libexec/src/net/http/server.go:1930 +0xb08
created by net/http.(*Server).Serve
	/usr/local/Cellar/go/1.17.6/libexec/src/net/http/server.go:3034 +0x4e8
2022/06/25 15:26:28 server.go:3160: http: panic serving [::1]:62911: runtime error: invalid memory address or nil pointer dereference
goroutine 9 [running]:
net/http.(*conn).serve.func1()
	/usr/local/Cellar/go/1.17.6/libexec/src/net/http/server.go:1802 +0xb9
panic({0x4448dc0, 0x47381a0})
	/usr/local/Cellar/go/1.17.6/libexec/src/runtime/panic.go:1047 +0x266
text/template.errRecover(0xc00004d968)
	/usr/local/Cellar/go/1.17.6/libexec/src/text/template/exec.go:163 +0x15b
panic({0x4448dc0, 0x47381a0})
	/usr/local/Cellar/go/1.17.6/libexec/src/runtime/panic.go:1038 +0x215
text/template.(*Template).execute(0x0, {0x45047a0, 0xc000230000}, {0x0, 0x0})
	/usr/local/Cellar/go/1.17.6/libexec/src/text/template/exec.go:214 +0x239
text/template.(*Template).Execute(...)
	/usr/local/Cellar/go/1.17.6/libexec/src/text/template/exec.go:200
TodoApp/app/controllers.top({0x450af38, 0xc000230000}, 0x0)
	/Users/zuck3rx/Desktop/ntt-tec-2022/TodoApp/app/controllers/route_main.go:10 +0x87
net/http.HandlerFunc.ServeHTTP(0x0, {0x450af38, 0xc000230000}, 0x0)
	/usr/local/Cellar/go/1.17.6/libexec/src/net/http/server.go:2047 +0x2f
net/http.(*ServeMux).ServeHTTP(0x0, {0x450af38, 0xc000230000}, 0xc000148200)
	/usr/local/Cellar/go/1.17.6/libexec/src/net/http/server.go:2425 +0x149
net/http.serverHandler.ServeHTTP({0xc000075740}, {0x450af38, 0xc000230000}, 0xc000148200)
	/usr/local/Cellar/go/1.17.6/libexec/src/net/http/server.go:2879 +0x43b
net/http.(*conn).serve(0xc000100fa0, {0x450c760, 0xc0000752c0})
	/usr/local/Cellar/go/1.17.6/libexec/src/net/http/server.go:1930 +0xb08
created by net/http.(*Server).Serve
	/usr/local/Cellar/go/1.17.6/libexec/src/net/http/server.go:3034 +0x4e8
2022/06/25 15:26:28 server.go:3160: http: panic serving [::1]:62913: runtime error: invalid memory address or nil pointer dereference
goroutine 22 [running]:
net/http.(*conn).serve.func1()
	/usr/local/Cellar/go/1.17.6/libexec/src/net/http/server.go:1802 +0xb9
panic({0x4448dc0, 0x47381a0})
	/usr/local/Cellar/go/1.17.6/libexec/src/runtime/panic.go:1047 +0x266
text/template.errRecover(0xc00004c968)
	/usr/local/Cellar/go/1.17.6/libexec/src/text/template/exec.go:163 +0x15b
panic({0x4448dc0, 0x47381a0})
	/usr/local/Cellar/go/1.17.6/libexec/src/runtime/panic.go:1038 +0x215
text/template.(*Template).execute(0x0, {0x45047a0, 0xc0002300e0}, {0x0, 0x0})
	/usr/local/Cellar/go/1.17.6/libexec/src/text/template/exec.go:214 +0x239
text/template.(*Template).Execute(...)
	/usr/local/Cellar/go/1.17.6/libexec/src/text/template/exec.go:200
TodoApp/app/controllers.top({0x450af38, 0xc0002300e0}, 0x0)
	/Users/zuck3rx/Desktop/ntt-tec-2022/TodoApp/app/controllers/route_main.go:10 +0x87
net/http.HandlerFunc.ServeHTTP(0x0, {0x450af38, 0xc0002300e0}, 0x0)
	/usr/local/Cellar/go/1.17.6/libexec/src/net/http/server.go:2047 +0x2f
net/http.(*ServeMux).ServeHTTP(0x0, {0x450af38, 0xc0002300e0}, 0xc0000f6000)
	/usr/local/Cellar/go/1.17.6/libexec/src/net/http/server.go:2425 +0x149
net/http.serverHandler.ServeHTTP({0xc00009c300}, {0x450af38, 0xc0002300e0}, 0xc0000f6000)
	/usr/local/Cellar/go/1.17.6/libexec/src/net/http/server.go:2879 +0x43b
net/http.(*conn).serve(0xc0000f2000, {0x450c760, 0xc0000752c0})
	/usr/local/Cellar/go/1.17.6/libexec/src/net/http/server.go:1930 +0xb08
created by net/http.(*Server).Serve
	/usr/local/Cellar/go/1.17.6/libexec/src/net/http/server.go:3034 +0x4e8
2022/06/25 15:26:30 server.go:3160: http: panic serving [::1]:62914: runtime error: invalid memory address or nil pointer dereference
goroutine 38 [running]:
net/http.(*conn).serve.func1()
	/usr/local/Cellar/go/1.17.6/libexec/src/net/http/server.go:1802 +0xb9
panic({0x4448dc0, 0x47381a0})
	/usr/local/Cellar/go/1.17.6/libexec/src/runtime/panic.go:1047 +0x266
text/template.errRecover(0xc0001e6968)
	/usr/local/Cellar/go/1.17.6/libexec/src/text/template/exec.go:163 +0x15b
panic({0x4448dc0, 0x47381a0})
	/usr/local/Cellar/go/1.17.6/libexec/src/runtime/panic.go:1038 +0x215
text/template.(*Template).execute(0x0, {0x45047a0, 0xc0001bc0e0}, {0x0, 0x0})
	/usr/local/Cellar/go/1.17.6/libexec/src/text/template/exec.go:214 +0x239
text/template.(*Template).Execute(...)
	/usr/local/Cellar/go/1.17.6/libexec/src/text/template/exec.go:200
TodoApp/app/controllers.top({0x450af38, 0xc0001bc0e0}, 0x0)
	/Users/zuck3rx/Desktop/ntt-tec-2022/TodoApp/app/controllers/route_main.go:10 +0x87
net/http.HandlerFunc.ServeHTTP(0x0, {0x450af38, 0xc0001bc0e0}, 0x0)
	/usr/local/Cellar/go/1.17.6/libexec/src/net/http/server.go:2047 +0x2f
net/http.(*ServeMux).ServeHTTP(0x0, {0x450af38, 0xc0001bc0e0}, 0xc0001a2500)
	/usr/local/Cellar/go/1.17.6/libexec/src/net/http/server.go:2425 +0x149
net/http.serverHandler.ServeHTTP({0xc0001884e0}, {0x450af38, 0xc0001bc0e0}, 0xc0001a2500)
	/usr/local/Cellar/go/1.17.6/libexec/src/net/http/server.go:2879 +0x43b
net/http.(*conn).serve(0xc00018c1e0, {0x450c760, 0xc0000752c0})
	/usr/local/Cellar/go/1.17.6/libexec/src/net/http/server.go:1930 +0xb08
created by net/http.(*Server).Serve
	/usr/local/Cellar/go/1.17.6/libexec/src/net/http/server.go:3034 +0x4e8
2022/06/26 13:24:06 route_auth.go:38: sql: no rows in result set
2022/06/26 13:24:06 server.go:3160: http: superfluous response.WriteHeader call from TodoApp/app/controllers.authenticate (route_auth.go:56)
2022/06/26 13:41:47 server.go:3160: http: panic serving [::1]:58406: template: top.html:16: template: multiple definition of template "content"
goroutine 20 [running]:
net/http.(*conn).serve.func1()
	/usr/local/Cellar/go/1.17.6/libexec/src/net/http/server.go:1802 +0xb9
panic({0x444ee00, 0xc000012580})
	/usr/local/Cellar/go/1.17.6/libexec/src/runtime/panic.go:1047 +0x266
text/template.Must(...)
	/usr/local/Cellar/go/1.17.6/libexec/src/text/template/helper.go:25
TodoApp/app/controllers.generateHTML({0x451cf98, 0xc000200460}, {0x4440240, 0x4512550}, {0xc00021ba08, 0x3, 0xc00021bb70})
	/Users/zuck3rx/Desktop/ntt-tec-2022/TodoApp/app/controllers/server.go:17 +0xf9
TodoApp/app/controllers.top({0x451cf98, 0xc000200460}, 0x0)
	/Users/zuck3rx/Desktop/ntt-tec-2022/TodoApp/app/controllers/route_main.go:10 +0xc5
net/http.HandlerFunc.ServeHTTP(0x0, {0x451cf98, 0xc000200460}, 0x0)
	/usr/local/Cellar/go/1.17.6/libexec/src/net/http/server.go:2047 +0x2f
net/http.(*ServeMux).ServeHTTP(0x0, {0x451cf98, 0xc000200460}, 0xc0000ce500)
	/usr/local/Cellar/go/1.17.6/libexec/src/net/http/server.go:2425 +0x149
net/http.serverHandler.ServeHTTP({0xc0000a3410}, {0x451cf98, 0xc000200460}, 0xc0000ce500)
	/usr/local/Cellar/go/1.17.6/libexec/src/net/http/server.go:2879 +0x43b
net/http.(*conn).serve(0xc0000c6f00, {0x451e960, 0xc0000a3320})
	/usr/local/Cellar/go/1.17.6/libexec/src/net/http/server.go:1930 +0xb08
created by net/http.(*Server).Serve
	/usr/local/Cellar/go/1.17.6/libexec/src/net/http/server.go:3034 +0x4e8
2022/06/26 13:41:47 server.go:3160: http: panic serving [::1]:58407: template: top.html:16: template: multiple definition of template "content"
goroutine 26 [running]:
net/http.(*conn).serve.func1()
	/usr/local/Cellar/go/1.17.6/libexec/src/net/http/server.go:1802 +0xb9
panic({0x444ee00, 0xc0000994d0})
	/usr/local/Cellar/go/1.17.6/libexec/src/runtime/panic.go:1047 +0x266
text/template.Must(...)
	/usr/local/Cellar/go/1.17.6/libexec/src/text/template/helper.go:25
TodoApp/app/controllers.generateHTML({0x451cf98, 0xc00010c540}, {0x4440240, 0x4512550}, {0xc00009ba08, 0x3, 0xc00004ab70})
	/Users/zuck3rx/Desktop/ntt-tec-2022/TodoApp/app/controllers/server.go:17 +0xf9
TodoApp/app/controllers.top({0x451cf98, 0xc00010c540}, 0x0)
	/Users/zuck3rx/Desktop/ntt-tec-2022/TodoApp/app/controllers/route_main.go:10 +0xc5
net/http.HandlerFunc.ServeHTTP(0x0, {0x451cf98, 0xc00010c540}, 0x0)
	/usr/local/Cellar/go/1.17.6/libexec/src/net/http/server.go:2047 +0x2f
net/http.(*ServeMux).ServeHTTP(0x0, {0x451cf98, 0xc00010c540}, 0xc0000ce600)
	/usr/local/Cellar/go/1.17.6/libexec/src/net/http/server.go:2425 +0x149
net/http.serverHandler.ServeHTTP({0xc0000a3b90}, {0x451cf98, 0xc00010c540}, 0xc0000ce600)
	/usr/local/Cellar/go/1.17.6/libexec/src/net/http/server.go:2879 +0x43b
net/http.(*conn).serve(0xc0000c6fa0, {0x451e960, 0xc0000a3320})
	/usr/local/Cellar/go/1.17.6/libexec/src/net/http/server.go:1930 +0xb08
created by net/http.(*Server).Serve
	/usr/local/Cellar/go/1.17.6/libexec/src/net/http/server.go:3034 +0x4e8
2022/06/26 13:41:50 server.go:3160: http: panic serving [::1]:58409: template: top.html:16: template: multiple definition of template "content"
goroutine 30 [running]:
net/http.(*conn).serve.func1()
	/usr/local/Cellar/go/1.17.6/libexec/src/net/http/server.go:1802 +0xb9
panic({0x444ee00, 0xc000099760})
	/usr/local/Cellar/go/1.17.6/libexec/src/runtime/panic.go:1047 +0x266
text/template.Must(...)
	/usr/local/Cellar/go/1.17.6/libexec/src/text/template/helper.go:25
TodoApp/app/controllers.generateHTML({0x451cf98, 0xc00010c620}, {0x4440240, 0x4512550}, {0xc00009ba08, 0x3, 0xc00004ab70})
	/Users/zuck3rx/Desktop/ntt-tec-2022/TodoApp/app/controllers/server.go:17 +0xf9
TodoApp/app/controllers.top({0x451cf98, 0xc00010c620}, 0x0)
	/Users/zuck3rx/Desktop/ntt-tec-2022/TodoApp/app/controllers/route_main.go:10 +0xc5
net/http.HandlerFunc.ServeHTTP(0x0, {0x451cf98, 0xc00010c620}, 0x0)
	/usr/local/Cellar/go/1.17.6/libexec/src/net/http/server.go:2047 +0x2f
net/http.(*ServeMux).ServeHTTP(0x0, {0x451cf98, 0xc00010c620}, 0xc0000ce700)
	/usr/local/Cellar/go/1.17.6/libexec/src/net/http/server.go:2425 +0x149
net/http.serverHandler.ServeHTTP({0xc00012c510}, {0x451cf98, 0xc00010c620}, 0xc0000ce700)
	/usr/local/Cellar/go/1.17.6/libexec/src/net/http/server.go:2879 +0x43b
net/http.(*conn).serve(0xc0000c7040, {0x451e960, 0xc0000a3320})
	/usr/local/Cellar/go/1.17.6/libexec/src/net/http/server.go:1930 +0xb08
created by net/http.(*Server).Serve
	/usr/local/Cellar/go/1.17.6/libexec/src/net/http/server.go:3034 +0x4e8
2022/06/26 13:41:51 server.go:3160: http: panic serving [::1]:58410: template: top.html:16: template: multiple definition of template "content"
goroutine 50 [running]:
net/http.(*conn).serve.func1()
	/usr/local/Cellar/go/1.17.6/libexec/src/net/http/server.go:1802 +0xb9
panic({0x444ee00, 0xc00029c270})
	/usr/local/Cellar/go/1.17.6/libexec/src/runtime/panic.go:1047 +0x266
text/template.Must(...)
	/usr/local/Cellar/go/1.17.6/libexec/src/text/template/helper.go:25
TodoApp/app/controllers.generateHTML({0x451cf98, 0xc0002b6000}, {0x4440240, 0x4512550}, {0xc0002c1a08, 0x3, 0xc000294b70})
	/Users/zuck3rx/Desktop/ntt-tec-2022/TodoApp/app/controllers/server.go:17 +0xf9
TodoApp/app/controllers.top({0x451cf98, 0xc0002b6000}, 0x0)
	/Users/zuck3rx/Desktop/ntt-tec-2022/TodoApp/app/controllers/route_main.go:10 +0xc5
net/http.HandlerFunc.ServeHTTP(0x0, {0x451cf98, 0xc0002b6000}, 0x0)
	/usr/local/Cellar/go/1.17.6/libexec/src/net/http/server.go:2047 +0x2f
net/http.(*ServeMux).ServeHTTP(0x0, {0x451cf98, 0xc0002b6000}, 0xc00029e000)
	/usr/local/Cellar/go/1.17.6/libexec/src/net/http/server.go:2425 +0x149
net/http.serverHandler.ServeHTTP({0xc000288090}, {0x451cf98, 0xc0002b6000}, 0xc00029e000)
	/usr/local/Cellar/go/1.17.6/libexec/src/net/http/server.go:2879 +0x43b
net/http.(*conn).serve(0xc00028c000, {0x451e960, 0xc0000a3320})
	/usr/local/Cellar/go/1.17.6/libexec/src/net/http/server.go:1930 +0xb08
created by net/http.(*Server).Serve
	/usr/local/Cellar/go/1.17.6/libexec/src/net/http/server.go:3034 +0x4e8
2022/06/26 13:41:52 server.go:3160: http: panic serving [::1]:58411: template: top.html:16: template: multiple definition of template "content"
goroutine 14 [running]:
net/http.(*conn).serve.func1()
	/usr/local/Cellar/go/1.17.6/libexec/src/net/http/server.go:1802 +0xb9
panic({0x444ee00, 0xc000012810})
	/usr/local/Cellar/go/1.17.6/libexec/src/runtime/panic.go:1047 +0x266
text/template.Must(...)
	/usr/local/Cellar/go/1.17.6/libexec/src/text/template/helper.go:25
TodoApp/app/controllers.generateHTML({0x451cf98, 0xc000200620}, {0x4440240, 0x4512550}, {0xc0000a1a08, 0x3, 0xc00004fb70})
	/Users/zuck3rx/Desktop/ntt-tec-2022/TodoApp/app/controllers/server.go:17 +0xf9
TodoApp/app/controllers.top({0x451cf98, 0xc000200620}, 0x0)
	/Users/zuck3rx/Desktop/ntt-tec-2022/TodoApp/app/controllers/route_main.go:10 +0xc5
net/http.HandlerFunc.ServeHTTP(0x0, {0x451cf98, 0xc000200620}, 0x0)
	/usr/local/Cellar/go/1.17.6/libexec/src/net/http/server.go:2047 +0x2f
net/http.(*ServeMux).ServeHTTP(0x0, {0x451cf98, 0xc000200620}, 0xc00021e400)
	/usr/local/Cellar/go/1.17.6/libexec/src/net/http/server.go:2425 +0x149
net/http.serverHandler.ServeHTTP({0xc000077170}, {0x451cf98, 0xc000200620}, 0xc00021e400)
	/usr/local/Cellar/go/1.17.6/libexec/src/net/http/server.go:2879 +0x43b
net/http.(*conn).serve(0xc000238000, {0x451e960, 0xc0000a3320})
	/usr/local/Cellar/go/1.17.6/libexec/src/net/http/server.go:1930 +0xb08
created by net/http.(*Server).Serve
	/usr/local/Cellar/go/1.17.6/libexec/src/net/http/server.go:3034 +0x4e8
2022/06/26 13:41:55 server.go:3160: http: panic serving [::1]:58416: template: top.html:16: template: multiple definition of template "content"
goroutine 40 [running]:
net/http.(*conn).serve.func1()
	/usr/local/Cellar/go/1.17.6/libexec/src/net/http/server.go:1802 +0xb9
panic({0x444ee00, 0xc00029c540})
	/usr/local/Cellar/go/1.17.6/libexec/src/runtime/panic.go:1047 +0x266
text/template.Must(...)
	/usr/local/Cellar/go/1.17.6/libexec/src/text/template/helper.go:25
TodoApp/app/controllers.generateHTML({0x451cf98, 0xc0002b6380}, {0x4440240, 0x4512550}, {0xc00014ba08, 0x3, 0xc00014bb70})
	/Users/zuck3rx/Desktop/ntt-tec-2022/TodoApp/app/controllers/server.go:17 +0xf9
TodoApp/app/controllers.top({0x451cf98, 0xc0002b6380}, 0x0)
	/Users/zuck3rx/Desktop/ntt-tec-2022/TodoApp/app/controllers/route_main.go:10 +0xc5
net/http.HandlerFunc.ServeHTTP(0x0, {0x451cf98, 0xc0002b6380}, 0x0)
	/usr/local/Cellar/go/1.17.6/libexec/src/net/http/server.go:2047 +0x2f
net/http.(*ServeMux).ServeHTTP(0x0, {0x451cf98, 0xc0002b6380}, 0xc00029e300)
	/usr/local/Cellar/go/1.17.6/libexec/src/net/http/server.go:2425 +0x149
net/http.serverHandler.ServeHTTP({0xc0001868d0}, {0x451cf98, 0xc0002b6380}, 0xc00029e300)
	/usr/local/Cellar/go/1.17.6/libexec/src/net/http/server.go:2879 +0x43b
net/http.(*conn).serve(0xc0001e2000, {0x451e960, 0xc0000a3320})
	/usr/local/Cellar/go/1.17.6/libexec/src/net/http/server.go:1930 +0xb08
created by net/http.(*Server).Serve
	/usr/local/Cellar/go/1.17.6/libexec/src/net/http/server.go:3034 +0x4e8
2022/06/26 13:41:55 server.go:3160: http: panic serving [::1]:58417: template: top.html:16: template: multiple definition of template "content"
goroutine 58 [running]:
net/http.(*conn).serve.func1()
	/usr/local/Cellar/go/1.17.6/libexec/src/net/http/server.go:1802 +0xb9
panic({0x444ee00, 0xc00029c7d0})
	/usr/local/Cellar/go/1.17.6/libexec/src/runtime/panic.go:1047 +0x266
text/template.Must(...)
	/usr/local/Cellar/go/1.17.6/libexec/src/text/template/helper.go:25
TodoApp/app/controllers.generateHTML({0x451cf98, 0xc0002b6540}, {0x4440240, 0x4512550}, {0xc0002c1a08, 0x3, 0xc000294b70})
	/Users/zuck3rx/Desktop/ntt-tec-2022/TodoApp/app/controllers/server.go:17 +0xf9
TodoApp/app/controllers.top({0x451cf98, 0xc0002b6540}, 0x0)
	/Users/zuck3rx/Desktop/ntt-tec-2022/TodoApp/app/controllers/route_main.go:10 +0xc5
net/http.HandlerFunc.ServeHTTP(0x0, {0x451cf98, 0xc0002b6540}, 0x0)
	/usr/local/Cellar/go/1.17.6/libexec/src/net/http/server.go:2047 +0x2f
net/http.(*ServeMux).ServeHTTP(0x0, {0x451cf98, 0xc0002b6540}, 0xc00029e400)
	/usr/local/Cellar/go/1.17.6/libexec/src/net/http/server.go:2425 +0x149
net/http.serverHandler.ServeHTTP({0xc000289320}, {0x451cf98, 0xc0002b6540}, 0xc00029e400)
	/usr/local/Cellar/go/1.17.6/libexec/src/net/http/server.go:2879 +0x43b
net/http.(*conn).serve(0xc00028c0a0, {0x451e960, 0xc0000a3320})
	/usr/local/Cellar/go/1.17.6/libexec/src/net/http/server.go:1930 +0xb08
created by net/http.(*Server).Serve
	/usr/local/Cellar/go/1.17.6/libexec/src/net/http/server.go:3034 +0x4e8
2022/06/26 13:41:57 server.go:3160: http: panic serving [::1]:58419: template: top.html:16: template: multiple definition of template "content"
goroutine 67 [running]:
net/http.(*conn).serve.func1()
	/usr/local/Cellar/go/1.17.6/libexec/src/net/http/server.go:1802 +0xb9
panic({0x444ee00, 0xc000099a80})
	/usr/local/Cellar/go/1.17.6/libexec/src/runtime/panic.go:1047 +0x266
text/template.Must(...)
	/usr/local/Cellar/go/1.17.6/libexec/src/text/template/helper.go:25
TodoApp/app/controllers.generateHTML({0x451cf98, 0xc00010c7e0}, {0x4440240, 0x4512550}, {0xc000217a08, 0x3, 0xc000217b70})
	/Users/zuck3rx/Desktop/ntt-tec-2022/TodoApp/app/controllers/server.go:17 +0xf9
TodoApp/app/controllers.top({0x451cf98, 0xc00010c7e0}, 0x0)
	/Users/zuck3rx/Desktop/ntt-tec-2022/TodoApp/app/controllers/route_main.go:10 +0xc5
net/http.HandlerFunc.ServeHTTP(0x0, {0x451cf98, 0xc00010c7e0}, 0x0)
	/usr/local/Cellar/go/1.17.6/libexec/src/net/http/server.go:2047 +0x2f
net/http.(*ServeMux).ServeHTTP(0x0, {0x451cf98, 0xc00010c7e0}, 0xc00021e900)
	/usr/local/Cellar/go/1.17.6/libexec/src/net/http/server.go:2425 +0x149
net/http.serverHandler.ServeHTTP({0xc000077aa0}, {0x451cf98, 0xc00010c7e0}, 0xc00021e900)
	/usr/local/Cellar/go/1.17.6/libexec/src/net/http/server.go:2879 +0x43b
net/http.(*conn).serve(0xc0002380a0, {0x451e960, 0xc0000a3320})
	/usr/local/Cellar/go/1.17.6/libexec/src/net/http/server.go:1930 +0xb08
created by net/http.(*Server).Serve
	/usr/local/Cellar/go/1.17.6/libexec/src/net/http/server.go:3034 +0x4e8
2022/06/26 13:41:57 server.go:3160: http: panic serving [::1]:58420: template: top.html:16: template: multiple definition of template "content"
goroutine 87 [running]:
net/http.(*conn).serve.func1()
	/usr/local/Cellar/go/1.17.6/libexec/src/net/http/server.go:1802 +0xb9
panic({0x444ee00, 0xc000012cb0})
	/usr/local/Cellar/go/1.17.6/libexec/src/runtime/panic.go:1047 +0x266
text/template.Must(...)
	/usr/local/Cellar/go/1.17.6/libexec/src/text/template/helper.go:25
TodoApp/app/controllers.generateHTML({0x451cf98, 0xc000200a80}, {0x4440240, 0x4512550}, {0xc0000a1a08, 0x3, 0xc00004ab70})
	/Users/zuck3rx/Desktop/ntt-tec-2022/TodoApp/app/controllers/server.go:17 +0xf9
TodoApp/app/controllers.top({0x451cf98, 0xc000200a80}, 0x0)
	/Users/zuck3rx/Desktop/ntt-tec-2022/TodoApp/app/controllers/route_main.go:10 +0xc5
net/http.HandlerFunc.ServeHTTP(0x0, {0x451cf98, 0xc000200a80}, 0x0)
	/usr/local/Cellar/go/1.17.6/libexec/src/net/http/server.go:2047 +0x2f
net/http.(*ServeMux).ServeHTTP(0x0, {0x451cf98, 0xc000200a80}, 0xc0000cea00)
	/usr/local/Cellar/go/1.17.6/libexec/src/net/http/server.go:2425 +0x149
net/http.serverHandler.ServeHTTP({0xc00012d8f0}, {0x451cf98, 0xc000200a80}, 0xc0000cea00)
	/usr/local/Cellar/go/1.17.6/libexec/src/net/http/server.go:2879 +0x43b
net/http.(*conn).serve(0xc0000c70e0, {0x451e960, 0xc0000a3320})
	/usr/local/Cellar/go/1.17.6/libexec/src/net/http/server.go:1930 +0xb08
created by net/http.(*Server).Serve
	/usr/local/Cellar/go/1.17.6/libexec/src/net/http/server.go:3034 +0x4e8
2022/06/26 13:41:58 server.go:3160: http: panic serving [::1]:58422: template: top.html:16: template: multiple definition of template "content"
goroutine 76 [running]:
net/http.(*conn).serve.func1()
	/usr/local/Cellar/go/1.17.6/libexec/src/net/http/server.go:1802 +0xb9
panic({0x444ee00, 0xc000013100})
	/usr/local/Cellar/go/1.17.6/libexec/src/runtime/panic.go:1047 +0x266
text/template.Must(...)
	/usr/local/Cellar/go/1.17.6/libexec/src/text/template/helper.go:25
TodoApp/app/controllers.generateHTML({0x451cf98, 0xc000200d20}, {0x4440240, 0x4512550}, {0xc00021ba08, 0x3, 0xc00021bb70})
	/Users/zuck3rx/Desktop/ntt-tec-2022/TodoApp/app/controllers/server.go:17 +0xf9
TodoApp/app/controllers.top({0x451cf98, 0xc000200d20}, 0x0)
	/Users/zuck3rx/Desktop/ntt-tec-2022/TodoApp/app/controllers/route_main.go:10 +0xc5
net/http.HandlerFunc.ServeHTTP(0x0, {0x451cf98, 0xc000200d20}, 0x0)
	/usr/local/Cellar/go/1.17.6/libexec/src/net/http/server.go:2047 +0x2f
net/http.(*ServeMux).ServeHTTP(0x0, {0x451cf98, 0xc000200d20}, 0xc0000cec00)
	/usr/local/Cellar/go/1.17.6/libexec/src/net/http/server.go:2425 +0x149
net/http.serverHandler.ServeHTTP({0xc000256a80}, {0x451cf98, 0xc000200d20}, 0xc0000cec00)
	/usr/local/Cellar/go/1.17.6/libexec/src/net/http/server.go:2879 +0x43b
net/http.(*conn).serve(0xc000238140, {0x451e960, 0xc0000a3320})
	/usr/local/Cellar/go/1.17.6/libexec/src/net/http/server.go:1930 +0xb08
created by net/http.(*Server).Serve
	/usr/local/Cellar/go/1.17.6/libexec/src/net/http/server.go:3034 +0x4e8
2022/06/26 13:41:58 server.go:3160: http: panic serving [::1]:58423: template: top.html:16: template: multiple definition of template "content"
goroutine 62 [running]:
net/http.(*conn).serve.func1()
	/usr/local/Cellar/go/1.17.6/libexec/src/net/http/server.go:1802 +0xb9
panic({0x444ee00, 0xc00029ca60})
	/usr/local/Cellar/go/1.17.6/libexec/src/runtime/panic.go:1047 +0x266
text/template.Must(...)
	/usr/local/Cellar/go/1.17.6/libexec/src/text/template/helper.go:25
TodoApp/app/controllers.generateHTML({0x451cf98, 0xc0002b6700}, {0x4440240, 0x4512550}, {0xc0002c1a08, 0x3, 0xc000294b70})
	/Users/zuck3rx/Desktop/ntt-tec-2022/TodoApp/app/controllers/server.go:17 +0xf9
TodoApp/app/controllers.top({0x451cf98, 0xc0002b6700}, 0x0)
	/Users/zuck3rx/Desktop/ntt-tec-2022/TodoApp/app/controllers/route_main.go:10 +0xc5
net/http.HandlerFunc.ServeHTTP(0x0, {0x451cf98, 0xc0002b6700}, 0x0)
	/usr/local/Cellar/go/1.17.6/libexec/src/net/http/server.go:2047 +0x2f
net/http.(*ServeMux).ServeHTTP(0x0, {0x451cf98, 0xc0002b6700}, 0xc00029e500)
	/usr/local/Cellar/go/1.17.6/libexec/src/net/http/server.go:2425 +0x149
net/http.serverHandler.ServeHTTP({0xc000289c50}, {0x451cf98, 0xc0002b6700}, 0xc00029e500)
	/usr/local/Cellar/go/1.17.6/libexec/src/net/http/server.go:2879 +0x43b
net/http.(*conn).serve(0xc00028c140, {0x451e960, 0xc0000a3320})
	/usr/local/Cellar/go/1.17.6/libexec/src/net/http/server.go:1930 +0xb08
created by net/http.(*Server).Serve
	/usr/local/Cellar/go/1.17.6/libexec/src/net/http/server.go:3034 +0x4e8
2022/06/26 13:41:58 server.go:3160: http: panic serving [::1]:58424: template: top.html:16: template: multiple definition of template "content"
goroutine 114 [running]:
net/http.(*conn).serve.func1()
	/usr/local/Cellar/go/1.17.6/libexec/src/net/http/server.go:1802 +0xb9
panic({0x444ee00, 0xc00029ccf0})
	/usr/local/Cellar/go/1.17.6/libexec/src/runtime/panic.go:1047 +0x266
text/template.Must(...)
	/usr/local/Cellar/go/1.17.6/libexec/src/text/template/helper.go:25
TodoApp/app/controllers.generateHTML({0x451cf98, 0xc0002b67e0}, {0x4440240, 0x4512550}, {0xc0002c1a08, 0x3, 0xc000294b70})
	/Users/zuck3rx/Desktop/ntt-tec-2022/TodoApp/app/controllers/server.go:17 +0xf9
TodoApp/app/controllers.top({0x451cf98, 0xc0002b67e0}, 0x0)
	/Users/zuck3rx/Desktop/ntt-tec-2022/TodoApp/app/controllers/route_main.go:10 +0xc5
net/http.HandlerFunc.ServeHTTP(0x0, {0x451cf98, 0xc0002b67e0}, 0x0)
	/usr/local/Cellar/go/1.17.6/libexec/src/net/http/server.go:2047 +0x2f
net/http.(*ServeMux).ServeHTTP(0x0, {0x451cf98, 0xc0002b67e0}, 0xc00029e600)
	/usr/local/Cellar/go/1.17.6/libexec/src/net/http/server.go:2425 +0x149
net/http.serverHandler.ServeHTTP({0xc0002fc5a0}, {0x451cf98, 0xc0002b67e0}, 0xc00029e600)
	/usr/local/Cellar/go/1.17.6/libexec/src/net/http/server.go:2879 +0x43b
net/http.(*conn).serve(0xc00028c1e0, {0x451e960, 0xc0000a3320})
	/usr/local/Cellar/go/1.17.6/libexec/src/net/http/server.go:1930 +0xb08
created by net/http.(*Server).Serve
	/usr/local/Cellar/go/1.17.6/libexec/src/net/http/server.go:3034 +0x4e8
2022/06/26 13:41:59 server.go:3160: http: panic serving [::1]:58426: template: top.html:16: template: multiple definition of template "content"
goroutine 43 [running]:
net/http.(*conn).serve.func1()
	/usr/local/Cellar/go/1.17.6/libexec/src/net/http/server.go:1802 +0xb9
panic({0x444ee00, 0xc00019c670})
	/usr/local/Cellar/go/1.17.6/libexec/src/runtime/panic.go:1047 +0x266
text/template.Must(...)
	/usr/local/Cellar/go/1.17.6/libexec/src/text/template/helper.go:25
TodoApp/app/controllers.generateHTML({0x451cf98, 0xc0001a0460}, {0x4440240, 0x4512550}, {0xc0002bda08, 0x3, 0xc000290b70})
	/Users/zuck3rx/Desktop/ntt-tec-2022/TodoApp/app/controllers/server.go:17 +0xf9
TodoApp/app/controllers.top({0x451cf98, 0xc0001a0460}, 0x0)
	/Users/zuck3rx/Desktop/ntt-tec-2022/TodoApp/app/controllers/route_main.go:10 +0xc5
net/http.HandlerFunc.ServeHTTP(0x0, {0x451cf98, 0xc0001a0460}, 0x0)
	/usr/local/Cellar/go/1.17.6/libexec/src/net/http/server.go:2047 +0x2f
net/http.(*ServeMux).ServeHTTP(0x0, {0x451cf98, 0xc0001a0460}, 0xc0001ce700)
	/usr/local/Cellar/go/1.17.6/libexec/src/net/http/server.go:2425 +0x149
net/http.serverHandler.ServeHTTP({0xc000186d20}, {0x451cf98, 0xc0001a0460}, 0xc0001ce700)
	/usr/local/Cellar/go/1.17.6/libexec/src/net/http/server.go:2879 +0x43b
net/http.(*conn).serve(0xc0001e20a0, {0x451e960, 0xc0000a3320})
	/usr/local/Cellar/go/1.17.6/libexec/src/net/http/server.go:1930 +0xb08
created by net/http.(*Server).Serve
	/usr/local/Cellar/go/1.17.6/libexec/src/net/http/server.go:3034 +0x4e8
2022/06/26 13:42:00 server.go:3160: http: panic serving [::1]:58427: template: top.html:16: template: multiple definition of template "content"
goroutine 47 [running]:
net/http.(*conn).serve.func1()
	/usr/local/Cellar/go/1.17.6/libexec/src/net/http/server.go:1802 +0xb9
panic({0x444ee00, 0xc00019c900})
	/usr/local/Cellar/go/1.17.6/libexec/src/runtime/panic.go:1047 +0x266
text/template.Must(...)
	/usr/local/Cellar/go/1.17.6/libexec/src/text/template/helper.go:25
TodoApp/app/controllers.generateHTML({0x451cf98, 0xc0001a0620}, {0x4440240, 0x4512550}, {0xc0002bda08, 0x3, 0xc000290b70})
	/Users/zuck3rx/Desktop/ntt-tec-2022/TodoApp/app/controllers/server.go:17 +0xf9
TodoApp/app/controllers.top({0x451cf98, 0xc0001a0620}, 0x0)
	/Users/zuck3rx/Desktop/ntt-tec-2022/TodoApp/app/controllers/route_main.go:10 +0xc5
net/http.HandlerFunc.ServeHTTP(0x0, {0x451cf98, 0xc0001a0620}, 0x0)
	/usr/local/Cellar/go/1.17.6/libexec/src/net/http/server.go:2047 +0x2f
net/http.(*ServeMux).ServeHTTP(0x0, {0x451cf98, 0xc0001a0620}, 0xc0001ce900)
	/usr/local/Cellar/go/1.17.6/libexec/src/net/http/server.go:2425 +0x149
net/http.serverHandler.ServeHTTP({0xc000187650}, {0x451cf98, 0xc0001a0620}, 0xc0001ce900)
	/usr/local/Cellar/go/1.17.6/libexec/src/net/http/server.go:2879 +0x43b
net/http.(*conn).serve(0xc0001e2140, {0x451e960, 0xc0000a3320})
	/usr/local/Cellar/go/1.17.6/libexec/src/net/http/server.go:1930 +0xb08
created by net/http.(*Server).Serve
	/usr/local/Cellar/go/1.17.6/libexec/src/net/http/server.go:3034 +0x4e8
2022/06/26 13:42:07 server.go:3160: http: panic serving [::1]:58436: template: top.html:16: template: multiple definition of template "content"
goroutine 100 [running]:
net/http.(*conn).serve.func1()
	/usr/local/Cellar/go/1.17.6/libexec/src/net/http/server.go:1802 +0xb9
panic({0x444ee00, 0xc000013390})
	/usr/local/Cellar/go/1.17.6/libexec/src/runtime/panic.go:1047 +0x266
text/template.Must(...)
	/usr/local/Cellar/go/1.17.6/libexec/src/text/template/helper.go:25
TodoApp/app/controllers.generateHTML({0x451cf98, 0xc000200e00}, {0x4440240, 0x4512550}, {0xc0000a1a08, 0x3, 0xc00004ab70})
	/Users/zuck3rx/Desktop/ntt-tec-2022/TodoApp/app/controllers/server.go:17 +0xf9
TodoApp/app/controllers.top({0x451cf98, 0xc000200e00}, 0x0)
	/Users/zuck3rx/Desktop/ntt-tec-2022/TodoApp/app/controllers/route_main.go:10 +0xc5
net/http.HandlerFunc.ServeHTTP(0x0, {0x451cf98, 0xc000200e00}, 0x0)
	/usr/local/Cellar/go/1.17.6/libexec/src/net/http/server.go:2047 +0x2f
net/http.(*ServeMux).ServeHTTP(0x0, {0x451cf98, 0xc000200e00}, 0xc00021ed00)
	/usr/local/Cellar/go/1.17.6/libexec/src/net/http/server.go:2425 +0x149
net/http.serverHandler.ServeHTTP({0xc000257950}, {0x451cf98, 0xc000200e00}, 0xc00021ed00)
	/usr/local/Cellar/go/1.17.6/libexec/src/net/http/server.go:2879 +0x43b
net/http.(*conn).serve(0xc0002381e0, {0x451e960, 0xc0000a3320})
	/usr/local/Cellar/go/1.17.6/libexec/src/net/http/server.go:1930 +0xb08
created by net/http.(*Server).Serve
	/usr/local/Cellar/go/1.17.6/libexec/src/net/http/server.go:3034 +0x4e8
2022/06/26 13:42:08 server.go:3160: http: panic serving [::1]:58438: template: top.html:16: template: multiple definition of template "content"
goroutine 131 [running]:
net/http.(*conn).serve.func1()
	/usr/local/Cellar/go/1.17.6/libexec/src/net/http/server.go:1802 +0xb9
panic({0x444ee00, 0xc00019cb90})
	/usr/local/Cellar/go/1.17.6/libexec/src/runtime/panic.go:1047 +0x266
text/template.Must(...)
	/usr/local/Cellar/go/1.17.6/libexec/src/text/template/helper.go:25
TodoApp/app/controllers.generateHTML({0x451cf98, 0xc0001a0700}, {0x4440240, 0x4512550}, {0xc0002bda08, 0x3, 0xc000290b70})
	/Users/zuck3rx/Desktop/ntt-tec-2022/TodoApp/app/controllers/server.go:17 +0xf9
TodoApp/app/controllers.top({0x451cf98, 0xc0001a0700}, 0x0)
	/Users/zuck3rx/Desktop/ntt-tec-2022/TodoApp/app/controllers/route_main.go:10 +0xc5
net/http.HandlerFunc.ServeHTTP(0x0, {0x451cf98, 0xc0001a0700}, 0x0)
	/usr/local/Cellar/go/1.17.6/libexec/src/net/http/server.go:2047 +0x2f
net/http.(*ServeMux).ServeHTTP(0x0, {0x451cf98, 0xc0001a0700}, 0xc0001cea00)
	/usr/local/Cellar/go/1.17.6/libexec/src/net/http/server.go:2425 +0x149
net/http.serverHandler.ServeHTTP({0xc000187f80}, {0x451cf98, 0xc0001a0700}, 0xc0001cea00)
	/usr/local/Cellar/go/1.17.6/libexec/src/net/http/server.go:2879 +0x43b
net/http.(*conn).serve(0xc0001e21e0, {0x451e960, 0xc0000a3320})
	/usr/local/Cellar/go/1.17.6/libexec/src/net/http/server.go:1930 +0xb08
created by net/http.(*Server).Serve
	/usr/local/Cellar/go/1.17.6/libexec/src/net/http/server.go:3034 +0x4e8
2022/06/26 13:42:13 server.go:3160: http: panic serving [::1]:58442: template: top.html:16: template: multiple definition of template "content"
goroutine 135 [running]:
net/http.(*conn).serve.func1()
	/usr/local/Cellar/go/1.17.6/libexec/src/net/http/server.go:1802 +0xb9
panic({0x444ee00, 0xc00019ce20})
	/usr/local/Cellar/go/1.17.6/libexec/src/runtime/panic.go:1047 +0x266
text/template.Must(...)
	/usr/local/Cellar/go/1.17.6/libexec/src/text/template/helper.go:25
TodoApp/app/controllers.generateHTML({0x451cf98, 0xc0001a07e0}, {0x4440240, 0x4512550}, {0xc0002bda08, 0x3, 0xc000290b70})
	/Users/zuck3rx/Desktop/ntt-tec-2022/TodoApp/app/controllers/server.go:17 +0xf9
TodoApp/app/controllers.top({0x451cf98, 0xc0001a07e0}, 0x0)
	/Users/zuck3rx/Desktop/ntt-tec-2022/TodoApp/app/controllers/route_main.go:10 +0xc5
net/http.HandlerFunc.ServeHTTP(0x0, {0x451cf98, 0xc0001a07e0}, 0x0)
	/usr/local/Cellar/go/1.17.6/libexec/src/net/http/server.go:2047 +0x2f
net/http.(*ServeMux).ServeHTTP(0x0, {0x451cf98, 0xc0001a07e0}, 0xc0001cec00)
	/usr/local/Cellar/go/1.17.6/libexec/src/net/http/server.go:2425 +0x149
net/http.serverHandler.ServeHTTP({0xc0001fa8d0}, {0x451cf98, 0xc0001a07e0}, 0xc0001cec00)
	/usr/local/Cellar/go/1.17.6/libexec/src/net/http/server.go:2879 +0x43b
net/http.(*conn).serve(0xc0001e2280, {0x451e960, 0xc0000a3320})
	/usr/local/Cellar/go/1.17.6/libexec/src/net/http/server.go:1930 +0xb08
created by net/http.(*Server).Serve
	/usr/local/Cellar/go/1.17.6/libexec/src/net/http/server.go:3034 +0x4e8
2022/06/26 13:42:43 server.go:3160: http: panic serving [::1]:58465: template: top.html:16: template: multiple definition of template "content"
goroutine 104 [running]:
net/http.(*conn).serve.func1()
	/usr/local/Cellar/go/1.17.6/libexec/src/net/http/server.go:1802 +0xb9
panic({0x444ee00, 0xc000013620})
	/usr/local/Cellar/go/1.17.6/libexec/src/runtime/panic.go:1047 +0x266
text/template.Must(...)
	/usr/local/Cellar/go/1.17.6/libexec/src/text/template/helper.go:25
TodoApp/app/controllers.generateHTML({0x451cf98, 0xc000200ee0}, {0x4440240, 0x4512550}, {0xc0000a1a08, 0x3, 0xc00004ab70})
	/Users/zuck3rx/Desktop/ntt-tec-2022/TodoApp/app/controllers/server.go:17 +0xf9
TodoApp/app/controllers.top({0x451cf98, 0xc000200ee0}, 0x0)
	/Users/zuck3rx/Desktop/ntt-tec-2022/TodoApp/app/controllers/route_main.go:10 +0xc5
net/http.HandlerFunc.ServeHTTP(0x0, {0x451cf98, 0xc000200ee0}, 0x0)
	/usr/local/Cellar/go/1.17.6/libexec/src/net/http/server.go:2047 +0x2f
net/http.(*ServeMux).ServeHTTP(0x0, {0x451cf98, 0xc000200ee0}, 0xc00021ee00)
	/usr/local/Cellar/go/1.17.6/libexec/src/net/http/server.go:2425 +0x149
net/http.serverHandler.ServeHTTP({0xc0002782a0}, {0x451cf98, 0xc000200ee0}, 0xc00021ee00)
	/usr/local/Cellar/go/1.17.6/libexec/src/net/http/server.go:2879 +0x43b
net/http.(*conn).serve(0xc000238280, {0x451e960, 0xc0000a3320})
	/usr/local/Cellar/go/1.17.6/libexec/src/net/http/server.go:1930 +0xb08
created by net/http.(*Server).Serve
	/usr/local/Cellar/go/1.17.6/libexec/src/net/http/server.go:3034 +0x4e8
